<?xml version="1.0" encoding="UTF-8"?>
<testsuite xmlns:xsi="http://www.w3.org/2001/XMLSchema-instance" xsi:noNamespaceSchemaLocation="https://maven.apache.org/surefire/maven-surefire-plugin/xsd/surefire-test-report.xsd" name="FirstTest" time="6.438" tests="2" errors="1" skipped="0" failures="0">
  <properties>
[...]
</properties>
  <testcase name="firstTest" classname="FirstTest" time="2.026"/>
  <testcase name="secondTest" classname="FirstTest" time="0.018">
    <error message="Session ID is null. Using WebDriver after calling quit()?&#10;Build info: version: &apos;3.14.0&apos;, revision: &apos;aacccce0&apos;, time: &apos;2018-08-02T20:19:58.91Z&apos;&#10;System info: host: &apos;Gurveers-MacBook-Pro.local&apos;, ip: &apos;2601:41:200:371d:0:0:0:56d4&apos;, os.name: &apos;Mac OS X&apos;, os.arch: &apos;x86_64&apos;, os.version: &apos;10.14.2&apos;, java.version: &apos;1.8.0_144&apos;&#10;Driver info: driver.version: RemoteWebDriver" type="org.openqa.selenium.NoSuchSessionException">org.openqa.selenium.NoSuchSessionException: 
Session ID is null. Using WebDriver after calling quit()?
Build info: version: '3.14.0', revision: 'aacccce0', time: '2018-08-02T20:19:58.91Z'
System info: host: 'Gurveers-MacBook-Pro.local', ip: '2601:41:200:371d:0:0:0:56d4', os.name: 'Mac OS X', os.arch: 'x86_64', os.version: '10.14.2', java.version: '1.8.0_144'
Driver info: driver.version: RemoteWebDriver
	at FirstTest.setupTests(FirstTest.java:19)
</error>
  </testcase>
</testsuite>